Sliding Window Attention is enabled but not implemented for `sdpa`; unexpected results may be encountered.
Teacher model evaluation: {'eval_loss': 1.3539468194424984}
No prior ensemble loaded

==================================================
Starting Round 0 at: 2025-05-19 18:27:12
==================================================
Truncating train dataset: 100%|██████████| 192701/192701 [01:33<00:00, 2055.56 examples/s] 
Truncating eval dataset: 100%|██████████| 1946/1946 [00:01<00:00, 1029.06 examples/s]
Detected kernel version 5.4.0, which is below the recommended minimum of 5.5.0; this can cause the process to hang. It is recommended to upgrade the kernel to the minimum version or higher.
ValueError: 'true' is not a valid WandbLogModel

During handling of the above exception, another exception occurred:

Traceback (most recent call last):
  File "/h/klambert/slm_ensembles/train.py", line 419, in <module>
    main()
  File "/h/klambert/slm_ensembles/train.py", line 276, in main
    trainer = DistillationTrainer(
  File "/h/klambert/slm_ensembles/train.py", line 64, in __init__
    super().__init__(*args, **kwargs)
  File "/scratch/ssd004/scratch/klambert/slm_ensembles/venv/lib/python3.10/site-packages/trl/trainer/sft_trainer.py", line 358, in __init__
    super().__init__(
  File "/scratch/ssd004/scratch/klambert/slm_ensembles/venv/lib/python3.10/site-packages/transformers/utils/deprecation.py", line 172, in wrapped_func
    return func(*args, **kwargs)
  File "/scratch/ssd004/scratch/klambert/slm_ensembles/venv/lib/python3.10/site-packages/transformers/trainer.py", line 679, in __init__
    self.callback_handler = CallbackHandler(
  File "/scratch/ssd004/scratch/klambert/slm_ensembles/venv/lib/python3.10/site-packages/transformers/trainer_callback.py", line 449, in __init__
    self.add_callback(cb)
  File "/scratch/ssd004/scratch/klambert/slm_ensembles/venv/lib/python3.10/site-packages/transformers/trainer_callback.py", line 466, in add_callback
    cb = callback() if isinstance(callback, type) else callback
  File "/scratch/ssd004/scratch/klambert/slm_ensembles/venv/lib/python3.10/site-packages/transformers/integrations/integration_utils.py", line 793, in __init__
    self._log_model = WandbLogModel(os.getenv("WANDB_LOG_MODEL", "false"))
  File "/pkgs/python-3.10.12/lib/python3.10/enum.py", line 385, in __call__
    return cls.__new__(cls, value)
  File "/pkgs/python-3.10.12/lib/python3.10/enum.py", line 718, in __new__
    raise exc
  File "/pkgs/python-3.10.12/lib/python3.10/enum.py", line 700, in __new__
    result = cls._missing_(value)
  File "/scratch/ssd004/scratch/klambert/slm_ensembles/venv/lib/python3.10/site-packages/transformers/integrations/integration_utils.py", line 767, in _missing_
    raise DeprecationWarning(
DeprecationWarning: Setting `WANDB_LOG_MODEL` as true is deprecated and will be removed in version 5 of transformers. Use one of `'end'` or `'checkpoint'` instead.
